<?xml version="1.0" encoding="UTF-8"?>
<!-- Generated by org.testng.reporters.JUnitReportReporter -->
<testsuite hostname="DESKTOP-UTM8QG1" failures="0" tests="1" name="day28.Demo1" time="10.248" errors="0" timestamp="2023-02-18T10:13:25 IST" skipped="0">
  <testcase classname="day28.Demo1" name="testA" time="10.248"/>
  <system-out/>
</testsuite> <!-- day28.Demo1 -->
