<?xml version="1.0" encoding="UTF-8"?>
<!-- Generated by org.testng.reporters.JUnitReportReporter -->
<testsuite hostname="DESKTOP-UTM8QG1" failures="0" tests="1" name="scripts.TestCase2" time="8.380" errors="0" timestamp="2023-02-19T21:30:05 IST" skipped="0">
  <testcase classname="scripts.TestCase2" name="testA" time="8.380"/>
  <system-out>
    <![CDATA[Test Automation Training - Java, Selenium, API Automation]]>
  </system-out>
</testsuite> <!-- scripts.TestCase2 -->
