<?xml version="1.0" encoding="UTF-8"?>
<!-- Generated by org.testng.reporters.JUnitReportReporter -->
<testsuite hostname="DESKTOP-UTM8QG1" failures="0" tests="1" name="scripts.TestCase1" time="12.880" errors="0" timestamp="2023-02-19T23:05:29 IST" skipped="0">
  <testcase classname="scripts.TestCase1" name="testA" time="12.880"/>
  <system-out>
    <![CDATA[Google
Bhanu]]>
  </system-out>
</testsuite> <!-- scripts.TestCase1 -->
